C:\USERS\JOAO\DOCUMENTS\VISUAL STUDIO 2012\PROJECTS\FFONEWRAPPER\FFONEWRAPPER\RELEASE\FFONEWRAPPER.OBJ
C:\USERS\JOAO\DOCUMENTS\VISUAL STUDIO 2012\PROJECTS\FFONEWRAPPER\FFONEWRAPPER\RELEASE\VC110.PDB
c:\users\joao\documents\visual studio 2012\Projects\FFOneWrapper\Release\FFOneWrapper.lib
c:\users\joao\documents\visual studio 2012\Projects\FFOneWrapper\Release\FFOneWrapper.exp
C:\USERS\JOAO\DOCUMENTS\VISUAL STUDIO 2012\PROJECTS\FFONEWRAPPER\RELEASE\FFONEWRAPPER.DLL
C:\USERS\JOAO\DOCUMENTS\VISUAL STUDIO 2012\PROJECTS\FFONEWRAPPER\RELEASE\FFONEWRAPPER.PDB
c:\Users\joao\documents\visual studio 2012\Projects\FFOneWrapper\FFOneWrapper\Release\FFOneWrapper.obj
c:\Users\joao\documents\visual studio 2012\Projects\FFOneWrapper\FFOneWrapper\Release\cl.command.1.tlog
c:\Users\joao\documents\visual studio 2012\Projects\FFOneWrapper\FFOneWrapper\Release\CL.read.1.tlog
c:\Users\joao\documents\visual studio 2012\Projects\FFOneWrapper\FFOneWrapper\Release\CL.write.1.tlog
c:\Users\joao\documents\visual studio 2012\Projects\FFOneWrapper\FFOneWrapper\Release\FFOneWrapper.write.1.tlog
c:\Users\joao\documents\visual studio 2012\Projects\FFOneWrapper\FFOneWrapper\Release\link-cvtres.read.1.tlog
c:\Users\joao\documents\visual studio 2012\Projects\FFOneWrapper\FFOneWrapper\Release\link-cvtres.write.1.tlog
c:\Users\joao\documents\visual studio 2012\Projects\FFOneWrapper\FFOneWrapper\Release\link-rc.read.1.tlog
c:\Users\joao\documents\visual studio 2012\Projects\FFOneWrapper\FFOneWrapper\Release\link-rc.write.1.tlog
c:\Users\joao\documents\visual studio 2012\Projects\FFOneWrapper\FFOneWrapper\Release\link.command.1.tlog
c:\Users\joao\documents\visual studio 2012\Projects\FFOneWrapper\FFOneWrapper\Release\link.read.1.tlog
c:\Users\joao\documents\visual studio 2012\Projects\FFOneWrapper\FFOneWrapper\Release\link.write.1.tlog
c:\Users\joao\documents\visual studio 2012\Projects\FFOneWrapper\FFOneWrapper\Release\vc110.pdb
c:\users\joao\documents\visual studio 2012\Projects\FFOneWrapper\Release\FFOneWrapper.pdb
c:\users\joao\documents\visual studio 2012\Projects\FFOneWrapper\Release\FFOneWrapper.dll
